Couldn't connect to /run/user/1000/hypr/29e2e59fdbab8ed2cc23a20e3c6043d5decb5cdc_1746733402_806577363/.hyprsunset.sock. (3)
ok
ok
ok
Couldn't connect to /run/user/1000/hypr/29e2e59fdbab8ed2cc23a20e3c6043d5decb5cdc_1746733588_1761427176/.hyprsunset.sock. (3)
Couldn't connect to /run/user/1000/hypr/29e2e59fdbab8ed2cc23a20e3c6043d5decb5cdc_1746733647_298355646/.hyprsunset.sock. (3)
Couldn't connect to /run/user/1000/hypr/29e2e59fdbab8ed2cc23a20e3c6043d5decb5cdc_1746733801_113243672/.hyprsunset.sock. (3)
┏ hyprsunset v0.2.0 ━━╸
┃
┣ Resetting the matrix (--identity passed)
┃
┣ Calculated the CTM to be [mat3x3: 1, 0, 0, 0, 1, 0, 0, 0, 1]
┃
┣ Running on Hyprland
┣ Found hyprland-ctm-control-v1 supported with version 2, binding to v2
┣ Found new output with ID 55, binding
┣ Found 1 outputs, applying CTMs
✖ A CTM manager is already running on the current compositor.
┏ hyprsunset v0.2.0 ━━╸
┃
┣ Setting the temperature to 2000K
┃
┣ Calculated the CTM to be [mat3x3: 1, 0, 0, 0, 0.5367386, 0, 0, 0, 0.054525763]
┃
┣ Running on Hyprland
┣ Found hyprland-ctm-control-v1 supported with version 2, binding to v2
┣ Found new output with ID 55, binding
┣ Found 1 outputs, applying CTMs
✖ A CTM manager is already running on the current compositor.
[LOG] ┏ hyprsunset v0.2.0 ━━╸
┃
┣ Setting the temperature to 2000K
┃
┣ Calculated the CTM to be [mat3x3: 1, 0, 0, 0, 0.5367386, 0, 0, 0, 0.054525763]
┃
┣ Running on Hyprland
┣ Found hyprland-ctm-control-v1 supported with version 2, binding to v2
┣ Found new output with ID 55, binding
┣ Found 1 outputs, applying CTMs
✖ A CTM manager is already running on the current compositor.
ok
ok
Couldn't connect to /run/user/1000/hypr/29e2e59fdbab8ed2cc23a20e3c6043d5decb5cdc_1746735723_224616949/.hyprsunset.sock. (3)
ok
ok
ok
ok
ok
ok
ok
ok
ok
ok
ok
ok
ok
ok
ok
ok
ok
ok
ok
ok
ok
ok
ok
ok
ok
ok
ok
ok
ok
ok
ok
ok
ok
ok
ok
ok
ok
ok
ok
ok
ok
ok
ok
ok
ok
ok
ok
ok
ok
ok
ok
ok
ok
ok
ok
ok
ok
ok
ok
ok
ok
ok
ok
ok
ok
ok
ok
ok
ok
ok
ok
ok
ok
ok
ok
ok
ok
ok
ok
ok
ok
ok
ok
ok
ok
ok
ok
ok
ok
ok
ok
ok
Couldn't connect to /run/user/1000/hypr/9958d297641b5c84dcff93f9039d80a5ad37ab00_1750094932_1965829318/.hyprsunset.sock. (3)
ok
ok
ok
ok
ok
ok
ok
ok
ok
ok
ok
ok
ok
ok
ok
ok
ok
ok
ok
ok
ok
ok
ok
ok
ok
ok
ok
ok
ok
ok
ok
ok
ok
ok
ok
ok
ok
ok
ok
ok
ok
ok
ok
ok
ok
ok
ok
ok
ok
ok
ok
ok
ok
ok
ok
ok
ok
ok
ok
ok
ok
ok
ok
ok
ok
ok
ok
ok
ok
ok
ok
ok
ok
ok
ok
ok
ok
ok
ok
ok
ok
ok
ok
ok
ok
ok
ok
ok
ok
ok
ok
ok
ok
ok
ok
ok
ok
ok
ok
ok
ok
ok
ok
ok
ok
ok
ok
ok
ok
ok
ok
ok
ok
ok
ok
ok
ok
ok
ok
ok
ok
ok
ok
ok
ok
ok
ok
ok
ok
ok
ok
ok
ok
ok
ok
ok
ok
ok
ok
ok
ok
ok
ok
ok
ok
ok
ok
ok
ok
ok
ok
ok
ok
ok
ok
ok
ok
ok
ok
ok
ok
ok
ok
ok
ok
ok
ok
ok
ok
ok
ok
ok
ok
ok
ok
ok
ok
ok
ok
ok
ok
ok
ok
ok
ok
ok
ok
ok
ok
ok
ok
Couldn't read (5)
ok
ok
ok
ok
ok
ok
ok
ok
ok
ok
ok
ok
ok
ok
ok
ok
ok
ok
ok
ok
ok
ok
ok
ok
ok
ok
ok
ok
ok
ok
ok
ok
ok
ok
ok
ok
ok
ok
ok
ok
ok
ok
ok
ok
ok
ok
ok
ok
ok
ok
ok
ok
ok
ok
ok
ok
ok
ok
ok
ok
ok
ok
ok
ok
ok
ok
ok
ok
ok
ok
ok
ok
ok
ok
ok
ok
ok
ok
ok
ok
ok
ok
ok
ok
ok
ok
ok
ok
ok
Couldn't connect to /run/user/1000/hypr/ea444c35bb23b6e34505ab6753e069de7801cc25_1767571195_1406953209/.hyprsunset.sock. (3)
ok
ok
ok
ok
Couldn't connect to /run/user/1000/hypr/ea444c35bb23b6e34505ab6753e069de7801cc25_1767716648_1081650629/.hyprsunset.sock. (3)
Couldn't connect to /run/user/1000/hypr/ea444c35bb23b6e34505ab6753e069de7801cc25_1767716648_1081650629/.hyprsunset.sock. (3)
Couldn't connect to /run/user/1000/hypr/ea444c35bb23b6e34505ab6753e069de7801cc25_1767717362_702218271/.hyprsunset.sock. (3)
Couldn't connect to /run/user/1000/hypr/ea444c35bb23b6e34505ab6753e069de7801cc25_1767717362_702218271/.hyprsunset.sock. (3)
ok
ok
ok
ok
ok
ok
ok
ok
ok
ok
ok
ok
ok
ok
ok
ok
ok
ok
ok
ok
ok
ok
ok
ok
ok
ok
ok
ok
ok
ok
ok
ok
ok
ok
ok
ok
ok
ok
ok
ok
ok
